<?xml version="1.0" encoding="UTF-8"?>
<!-- Generated by org.testng.reporters.JUnitXMLReporter -->
<testsuite ignored="6" hostname="LTIN508405" failures="0" tests="4" name="Test" time="68.77" errors="0" timestamp="2024-04-23T14:40:02 IST">
  <testcase classname="testCases.TC001_CaptureServices" name="captureServices" time="6.232"/>
  <testcase classname="testCases.TC002_GetErrorMsg" name="getErrorMessage" time="8.256"/>
  <testcase classname="testCases.TC003_NavigateToHomePage" name="navigateHomePage" time="3.388"/>
  <testcase classname="testCases.TC004_GetServiceCenters" name="getServiceCenters" time="27.347"/>
  <testcase classname="tests.BaseClass" name="@BeforeTest setup" time="0.0">
    <ignored/>
  </testcase> <!-- @BeforeTest setup -->
  <testcase classname="tests.BaseClass" name="@AfterTest tearDown" time="0.0">
    <ignored/>
  </testcase> <!-- @AfterTest tearDown -->
  <testcase classname="tests.BaseClass" name="@AfterTest tearDown" time="0.0">
    <ignored/>
  </testcase> <!-- @AfterTest tearDown -->
  <testcase classname="tests.BaseClass" name="@BeforeTest setup" time="0.0">
    <ignored/>
  </testcase> <!-- @BeforeTest setup -->
  <testcase classname="tests.BaseClass" name="@BeforeTest setup" time="0.0">
    <ignored/>
  </testcase> <!-- @BeforeTest setup -->
  <testcase classname="tests.BaseClass" name="@AfterTest tearDown" time="0.0">
    <ignored/>
  </testcase> <!-- @AfterTest tearDown -->
</testsuite> <!-- Test -->
