<?xml version="1.0" encoding="UTF-8"?>
<!-- Generated by org.testng.reporters.JUnitXMLReporter -->
<testsuite ignored="6" hostname="LTIN508405" failures="0" tests="4" name="Test" time="93.458" errors="0" timestamp="2024-04-22T14:42:27 IST">
  <testcase classname="testCases.TC001_CaptureServices" name="captureServices" time="3.68"/>
  <testcase classname="testCases.TC002_GetErrorMsg" name="getErrorMessage" time="7.639"/>
  <testcase classname="testCases.TC003_NavigateToHomePage" name="navigateHomePage" time="2.699"/>
  <testcase classname="testCases.TC004_GetServiceCenters" name="getServiceCenters" time="22.525"/>
  <testcase classname="tests.BaseClass" name="@BeforeTest setup" time="0.0">
    <ignored/>
  </testcase> <!-- @BeforeTest setup -->
  <testcase classname="tests.BaseClass" name="@BeforeTest setup" time="0.0">
    <ignored/>
  </testcase> <!-- @BeforeTest setup -->
  <testcase classname="tests.BaseClass" name="@AfterTest tearDown" time="0.0">
    <ignored/>
  </testcase> <!-- @AfterTest tearDown -->
  <testcase classname="tests.BaseClass" name="@AfterTest tearDown" time="0.0">
    <ignored/>
  </testcase> <!-- @AfterTest tearDown -->
  <testcase classname="tests.BaseClass" name="@AfterTest tearDown" time="0.0">
    <ignored/>
  </testcase> <!-- @AfterTest tearDown -->
  <testcase classname="tests.BaseClass" name="@BeforeTest setup" time="0.0">
    <ignored/>
  </testcase> <!-- @BeforeTest setup -->
</testsuite> <!-- Test -->
