<?xml version="1.0" encoding="UTF-8"?>
<!-- Generated by org.testng.reporters.JUnitXMLReporter -->
<testsuite ignored="0" hostname="LTIN508405" failures="1" tests="1" name="Test(failed)" time="32.219" errors="0" timestamp="2024-04-18T10:40:17 IST">
  <testcase classname="testCases.TC002_GetErrorMsg" name="getErrorMessage" time="9.893">
    <failure type="java.lang.NullPointerException" message="Cannot invoke &amp;quot;org.apache.poi.xssf.usermodel.XSSFWorkbook.createSheet(String)&amp;quot; because &amp;quot;utils.ExcelUtils.workbook&amp;quot; is null">
      <![CDATA[java.lang.NullPointerException: Cannot invoke "org.apache.poi.xssf.usermodel.XSSFWorkbook.createSheet(String)" because "utils.ExcelUtils.workbook" is null
at utils.ExcelUtils.writeExcel1(ExcelUtils.java:66)
at pageObjectModels.RegistrationPage.getErrorMsg(RegistrationPage.java:64)
at testCases.TC002_GetErrorMsg.getErrorMessage(TC002_GetErrorMsg.java:37)
at java.base/java.util.ArrayList.forEach(ArrayList.java:1511)
... Removed 27 stack frames]]>
    </failure>
  </testcase> <!-- getErrorMessage -->
</testsuite> <!-- Test(failed) -->
